0 verbose cli /usr/local/bin/node /usr/local/bin/npm
1 info using npm@10.7.0
2 info using node@v20.15.0
3 silly config:load:file:/usr/local/lib/node_modules/npm/npmrc
4 silly config:load:file:/Volumes/งาน/ ปัณด้า/PhD/web app/.npmrc
5 silly config:load:file:/Users/punda/.npmrc
6 silly config:load:file:/usr/local/etc/npmrc
7 verbose title npm install i18next react-i18next
8 verbose argv "install" "i18next" "react-i18next" "--prefer-offline" "--no-audit"
9 verbose logfile logs-max:10 dir:/Volumes/งาน/ ปัณด้า/PhD/web app/.npm-cache/_logs/2026-02-20T16_00_07_053Z-
10 verbose logfile /Volumes/งาน/ ปัณด้า/PhD/web app/.npm-cache/_logs/2026-02-20T16_00_07_053Z-debug-0.log
11 silly logfile start cleaning logs, removing 2 files
12 silly logfile done cleaning log files
13 silly idealTree buildDeps
14 silly fetch manifest i18next@*
15 verbose shrinkwrap failed to load node_modules/.package-lock.json out of date, updated: node_modules/fsevents
16 http fetch GET 200 https://registry.npmjs.org/i18next 3862ms (cache miss)
17 silly fetch manifest typescript@^5
18 http fetch GET 200 https://registry.npmjs.org/typescript 370ms (cache stale)
19 silly fetch manifest react-i18next@*
20 http fetch GET 200 https://registry.npmjs.org/react-i18next 1306ms (cache miss)
21 silly fetch manifest react@^18.2.0
22 http fetch GET 200 https://registry.npmjs.org/react 191ms (cache stale)
23 silly placeDep ROOT i18next@25.8.12 OK for: hypertension-prediction-app@0.0.0 want: *
24 silly placeDep ROOT react-i18next@16.5.4 OK for: hypertension-prediction-app@0.0.0 want: *
25 silly fetch manifest @babel/runtime@^7.28.4
26 silly fetch manifest html-parse-stringify@^3.0.1
27 silly fetch manifest use-sync-external-store@^1.6.0
28 http fetch GET 200 https://registry.npmjs.org/html-parse-stringify 818ms (cache miss)
29 http fetch GET 200 https://registry.npmjs.org/use-sync-external-store 820ms (cache miss)
30 http fetch GET 200 https://registry.npmjs.org/@babel%2fruntime 1078ms (cache miss)
31 silly placeDep ROOT @babel/runtime@7.28.6 OK for: i18next@25.8.12 want: ^7.28.4
32 silly fetch manifest react@>= 16.8.0
33 silly placeDep ROOT html-parse-stringify@3.0.1 OK for: react-i18next@16.5.4 want: ^3.0.1
34 silly placeDep ROOT use-sync-external-store@1.6.0 OK for: react-i18next@16.5.4 want: ^1.6.0
35 silly fetch manifest void-elements@3.1.0
36 http fetch GET 200 https://registry.npmjs.org/void-elements 196ms (cache miss)
37 silly placeDep ROOT void-elements@3.1.0 OK for: html-parse-stringify@3.0.1 want: 3.1.0
38 silly reify moves {}
39 verbose reify failed optional dependency /Volumes/งาน/ ปัณด้า/PhD/web app/node_modules/@rollup/rollup-win32-x64-msvc
40 silly reify mark deleted [
40 silly reify   '/Volumes/งาน/ ปัณด้า/PhD/web app/node_modules/@rollup/rollup-win32-x64-msvc'
40 silly reify ]
41 verbose reify failed optional dependency /Volumes/งาน/ ปัณด้า/PhD/web app/node_modules/@rollup/rollup-win32-x64-gnu
42 silly reify mark deleted [
42 silly reify   '/Volumes/งาน/ ปัณด้า/PhD/web app/node_modules/@rollup/rollup-win32-x64-gnu'
42 silly reify ]
43 verbose reify failed optional dependency /Volumes/งาน/ ปัณด้า/PhD/web app/node_modules/@rollup/rollup-win32-ia32-msvc
44 silly reify mark deleted [
44 silly reify   '/Volumes/งาน/ ปัณด้า/PhD/web app/node_modules/@rollup/rollup-win32-ia32-msvc'
44 silly reify ]
45 verbose reify failed optional dependency /Volumes/งาน/ ปัณด้า/PhD/web app/node_modules/@rollup/rollup-win32-arm64-msvc
46 silly reify mark deleted [
46 silly reify   '/Volumes/งาน/ ปัณด้า/PhD/web app/node_modules/@rollup/rollup-win32-arm64-msvc'
46 silly reify ]
47 verbose reify failed optional dependency /Volumes/งาน/ ปัณด้า/PhD/web app/node_modules/@rollup/rollup-openharmony-arm64
48 silly reify mark deleted [
48 silly reify   '/Volumes/งาน/ ปัณด้า/PhD/web app/node_modules/@rollup/rollup-openharmony-arm64'
48 silly reify ]
49 verbose reify failed optional dependency /Volumes/งาน/ ปัณด้า/PhD/web app/node_modules/@rollup/rollup-openbsd-x64
50 silly reify mark deleted [
50 silly reify   '/Volumes/งาน/ ปัณด้า/PhD/web app/node_modules/@rollup/rollup-openbsd-x64'
50 silly reify ]
51 verbose reify failed optional dependency /Volumes/งาน/ ปัณด้า/PhD/web app/node_modules/@rollup/rollup-linux-x64-musl
52 silly reify mark deleted [
52 silly reify   '/Volumes/งาน/ ปัณด้า/PhD/web app/node_modules/@rollup/rollup-linux-x64-musl'
52 silly reify ]
53 verbose reify failed optional dependency /Volumes/งาน/ ปัณด้า/PhD/web app/node_modules/@rollup/rollup-linux-x64-gnu
54 silly reify mark deleted [
54 silly reify   '/Volumes/งาน/ ปัณด้า/PhD/web app/node_modules/@rollup/rollup-linux-x64-gnu'
54 silly reify ]
55 verbose reify failed optional dependency /Volumes/งาน/ ปัณด้า/PhD/web app/node_modules/@rollup/rollup-linux-s390x-gnu
56 silly reify mark deleted [
56 silly reify   '/Volumes/งาน/ ปัณด้า/PhD/web app/node_modules/@rollup/rollup-linux-s390x-gnu'
56 silly reify ]
57 verbose reify failed optional dependency /Volumes/งาน/ ปัณด้า/PhD/web app/node_modules/@rollup/rollup-linux-riscv64-musl
58 silly reify mark deleted [
58 silly reify   '/Volumes/งาน/ ปัณด้า/PhD/web app/node_modules/@rollup/rollup-linux-riscv64-musl'
58 silly reify ]
59 verbose reify failed optional dependency /Volumes/งาน/ ปัณด้า/PhD/web app/node_modules/@rollup/rollup-linux-riscv64-gnu
60 silly reify mark deleted [
60 silly reify   '/Volumes/งาน/ ปัณด้า/PhD/web app/node_modules/@rollup/rollup-linux-riscv64-gnu'
60 silly reify ]
61 verbose reify failed optional dependency /Volumes/งาน/ ปัณด้า/PhD/web app/node_modules/@rollup/rollup-linux-ppc64-musl
62 silly reify mark deleted [
62 silly reify   '/Volumes/งาน/ ปัณด้า/PhD/web app/node_modules/@rollup/rollup-linux-ppc64-musl'
62 silly reify ]
63 verbose reify failed optional dependency /Volumes/งาน/ ปัณด้า/PhD/web app/node_modules/@rollup/rollup-linux-ppc64-gnu
64 silly reify mark deleted [
64 silly reify   '/Volumes/งาน/ ปัณด้า/PhD/web app/node_modules/@rollup/rollup-linux-ppc64-gnu'
64 silly reify ]
65 verbose reify failed optional dependency /Volumes/งาน/ ปัณด้า/PhD/web app/node_modules/@rollup/rollup-linux-loong64-musl
66 silly reify mark deleted [
66 silly reify   '/Volumes/งาน/ ปัณด้า/PhD/web app/node_modules/@rollup/rollup-linux-loong64-musl'
66 silly reify ]
67 verbose reify failed optional dependency /Volumes/งาน/ ปัณด้า/PhD/web app/node_modules/@rollup/rollup-linux-loong64-gnu
68 silly reify mark deleted [
68 silly reify   '/Volumes/งาน/ ปัณด้า/PhD/web app/node_modules/@rollup/rollup-linux-loong64-gnu'
68 silly reify ]
69 verbose reify failed optional dependency /Volumes/งาน/ ปัณด้า/PhD/web app/node_modules/@rollup/rollup-linux-arm64-musl
70 silly reify mark deleted [
70 silly reify   '/Volumes/งาน/ ปัณด้า/PhD/web app/node_modules/@rollup/rollup-linux-arm64-musl'
70 silly reify ]
71 verbose reify failed optional dependency /Volumes/งาน/ ปัณด้า/PhD/web app/node_modules/@rollup/rollup-linux-arm64-gnu
72 silly reify mark deleted [
72 silly reify   '/Volumes/งาน/ ปัณด้า/PhD/web app/node_modules/@rollup/rollup-linux-arm64-gnu'
72 silly reify ]
73 verbose reify failed optional dependency /Volumes/งาน/ ปัณด้า/PhD/web app/node_modules/@rollup/rollup-linux-arm-musleabihf
74 silly reify mark deleted [
74 silly reify   '/Volumes/งาน/ ปัณด้า/PhD/web app/node_modules/@rollup/rollup-linux-arm-musleabihf'
74 silly reify ]
75 verbose reify failed optional dependency /Volumes/งาน/ ปัณด้า/PhD/web app/node_modules/@rollup/rollup-linux-arm-gnueabihf
76 silly reify mark deleted [
76 silly reify   '/Volumes/งาน/ ปัณด้า/PhD/web app/node_modules/@rollup/rollup-linux-arm-gnueabihf'
76 silly reify ]
77 verbose reify failed optional dependency /Volumes/งาน/ ปัณด้า/PhD/web app/node_modules/@rollup/rollup-freebsd-x64
78 silly reify mark deleted [
78 silly reify   '/Volumes/งาน/ ปัณด้า/PhD/web app/node_modules/@rollup/rollup-freebsd-x64'
78 silly reify ]
79 verbose reify failed optional dependency /Volumes/งาน/ ปัณด้า/PhD/web app/node_modules/@rollup/rollup-freebsd-arm64
80 silly reify mark deleted [
80 silly reify   '/Volumes/งาน/ ปัณด้า/PhD/web app/node_modules/@rollup/rollup-freebsd-arm64'
80 silly reify ]
81 verbose reify failed optional dependency /Volumes/งาน/ ปัณด้า/PhD/web app/node_modules/@rollup/rollup-darwin-arm64
82 silly reify mark deleted [
82 silly reify   '/Volumes/งาน/ ปัณด้า/PhD/web app/node_modules/@rollup/rollup-darwin-arm64'
82 silly reify ]
83 verbose reify failed optional dependency /Volumes/งาน/ ปัณด้า/PhD/web app/node_modules/@rollup/rollup-android-arm64
84 silly reify mark deleted [
84 silly reify   '/Volumes/งาน/ ปัณด้า/PhD/web app/node_modules/@rollup/rollup-android-arm64'
84 silly reify ]
85 verbose reify failed optional dependency /Volumes/งาน/ ปัณด้า/PhD/web app/node_modules/@rollup/rollup-android-arm-eabi
86 silly reify mark deleted [
86 silly reify   '/Volumes/งาน/ ปัณด้า/PhD/web app/node_modules/@rollup/rollup-android-arm-eabi'
86 silly reify ]
87 verbose reify failed optional dependency /Volumes/งาน/ ปัณด้า/PhD/web app/node_modules/@esbuild/win32-x64
88 silly reify mark deleted [ '/Volumes/งาน/ ปัณด้า/PhD/web app/node_modules/@esbuild/win32-x64' ]
89 verbose reify failed optional dependency /Volumes/งาน/ ปัณด้า/PhD/web app/node_modules/@esbuild/win32-ia32
90 silly reify mark deleted [ '/Volumes/งาน/ ปัณด้า/PhD/web app/node_modules/@esbuild/win32-ia32' ]
91 verbose reify failed optional dependency /Volumes/งาน/ ปัณด้า/PhD/web app/node_modules/@esbuild/win32-arm64
92 silly reify mark deleted [
92 silly reify   '/Volumes/งาน/ ปัณด้า/PhD/web app/node_modules/@esbuild/win32-arm64'
92 silly reify ]
93 verbose reify failed optional dependency /Volumes/งาน/ ปัณด้า/PhD/web app/node_modules/@esbuild/sunos-x64
94 silly reify mark deleted [ '/Volumes/งาน/ ปัณด้า/PhD/web app/node_modules/@esbuild/sunos-x64' ]
95 verbose reify failed optional dependency /Volumes/งาน/ ปัณด้า/PhD/web app/node_modules/@esbuild/openbsd-x64
96 silly reify mark deleted [
96 silly reify   '/Volumes/งาน/ ปัณด้า/PhD/web app/node_modules/@esbuild/openbsd-x64'
96 silly reify ]
97 verbose reify failed optional dependency /Volumes/งาน/ ปัณด้า/PhD/web app/node_modules/@esbuild/netbsd-x64
98 silly reify mark deleted [ '/Volumes/งาน/ ปัณด้า/PhD/web app/node_modules/@esbuild/netbsd-x64' ]
99 verbose reify failed optional dependency /Volumes/งาน/ ปัณด้า/PhD/web app/node_modules/@esbuild/linux-x64
100 silly reify mark deleted [ '/Volumes/งาน/ ปัณด้า/PhD/web app/node_modules/@esbuild/linux-x64' ]
101 verbose reify failed optional dependency /Volumes/งาน/ ปัณด้า/PhD/web app/node_modules/@esbuild/linux-s390x
102 silly reify mark deleted [
102 silly reify   '/Volumes/งาน/ ปัณด้า/PhD/web app/node_modules/@esbuild/linux-s390x'
102 silly reify ]
103 verbose reify failed optional dependency /Volumes/งาน/ ปัณด้า/PhD/web app/node_modules/@esbuild/linux-riscv64
104 silly reify mark deleted [
104 silly reify   '/Volumes/งาน/ ปัณด้า/PhD/web app/node_modules/@esbuild/linux-riscv64'
104 silly reify ]
105 verbose reify failed optional dependency /Volumes/งาน/ ปัณด้า/PhD/web app/node_modules/@esbuild/linux-ppc64
106 silly reify mark deleted [
106 silly reify   '/Volumes/งาน/ ปัณด้า/PhD/web app/node_modules/@esbuild/linux-ppc64'
106 silly reify ]
107 verbose reify failed optional dependency /Volumes/งาน/ ปัณด้า/PhD/web app/node_modules/@esbuild/linux-mips64el
108 silly reify mark deleted [
108 silly reify   '/Volumes/งาน/ ปัณด้า/PhD/web app/node_modules/@esbuild/linux-mips64el'
108 silly reify ]
109 verbose reify failed optional dependency /Volumes/งาน/ ปัณด้า/PhD/web app/node_modules/@esbuild/linux-loong64
110 silly reify mark deleted [
110 silly reify   '/Volumes/งาน/ ปัณด้า/PhD/web app/node_modules/@esbuild/linux-loong64'
110 silly reify ]
111 verbose reify failed optional dependency /Volumes/งาน/ ปัณด้า/PhD/web app/node_modules/@esbuild/linux-ia32
112 silly reify mark deleted [ '/Volumes/งาน/ ปัณด้า/PhD/web app/node_modules/@esbuild/linux-ia32' ]
113 verbose reify failed optional dependency /Volumes/งาน/ ปัณด้า/PhD/web app/node_modules/@esbuild/linux-arm64
114 silly reify mark deleted [
114 silly reify   '/Volumes/งาน/ ปัณด้า/PhD/web app/node_modules/@esbuild/linux-arm64'
114 silly reify ]
115 verbose reify failed optional dependency /Volumes/งาน/ ปัณด้า/PhD/web app/node_modules/@esbuild/linux-arm
116 silly reify mark deleted [ '/Volumes/งาน/ ปัณด้า/PhD/web app/node_modules/@esbuild/linux-arm' ]
117 verbose reify failed optional dependency /Volumes/งาน/ ปัณด้า/PhD/web app/node_modules/@esbuild/freebsd-x64
118 silly reify mark deleted [
118 silly reify   '/Volumes/งาน/ ปัณด้า/PhD/web app/node_modules/@esbuild/freebsd-x64'
118 silly reify ]
119 verbose reify failed optional dependency /Volumes/งาน/ ปัณด้า/PhD/web app/node_modules/@esbuild/freebsd-arm64
120 silly reify mark deleted [
120 silly reify   '/Volumes/งาน/ ปัณด้า/PhD/web app/node_modules/@esbuild/freebsd-arm64'
120 silly reify ]
121 verbose reify failed optional dependency /Volumes/งาน/ ปัณด้า/PhD/web app/node_modules/@esbuild/darwin-arm64
122 silly reify mark deleted [
122 silly reify   '/Volumes/งาน/ ปัณด้า/PhD/web app/node_modules/@esbuild/darwin-arm64'
122 silly reify ]
123 verbose reify failed optional dependency /Volumes/งาน/ ปัณด้า/PhD/web app/node_modules/@esbuild/android-x64
124 silly reify mark deleted [
124 silly reify   '/Volumes/งาน/ ปัณด้า/PhD/web app/node_modules/@esbuild/android-x64'
124 silly reify ]
125 verbose reify failed optional dependency /Volumes/งาน/ ปัณด้า/PhD/web app/node_modules/@esbuild/android-arm64
126 silly reify mark deleted [
126 silly reify   '/Volumes/งาน/ ปัณด้า/PhD/web app/node_modules/@esbuild/android-arm64'
126 silly reify ]
127 verbose reify failed optional dependency /Volumes/งาน/ ปัณด้า/PhD/web app/node_modules/@esbuild/android-arm
128 silly reify mark deleted [
128 silly reify   '/Volumes/งาน/ ปัณด้า/PhD/web app/node_modules/@esbuild/android-arm'
128 silly reify ]
129 verbose reify failed optional dependency /Volumes/งาน/ ปัณด้า/PhD/web app/node_modules/@esbuild/aix-ppc64
130 silly reify mark deleted [ '/Volumes/งาน/ ปัณด้า/PhD/web app/node_modules/@esbuild/aix-ppc64' ]
131 silly tarball no local data for use-sync-external-store@https://registry.npmjs.org/use-sync-external-store/-/use-sync-external-store-1.6.0.tgz. Extracting by manifest.
132 silly tarball no local data for void-elements@https://registry.npmjs.org/void-elements/-/void-elements-3.1.0.tgz. Extracting by manifest.
133 silly tarball no local data for html-parse-stringify@https://registry.npmjs.org/html-parse-stringify/-/html-parse-stringify-3.0.1.tgz. Extracting by manifest.
134 silly tarball no local data for @babel/runtime@https://registry.npmjs.org/@babel/runtime/-/runtime-7.28.6.tgz. Extracting by manifest.
135 silly tarball no local data for react-i18next@https://registry.npmjs.org/react-i18next/-/react-i18next-16.5.4.tgz. Extracting by manifest.
136 silly tarball no local data for i18next@https://registry.npmjs.org/i18next/-/i18next-25.8.12.tgz. Extracting by manifest.
137 http fetch GET 200 https://registry.npmjs.org/void-elements/-/void-elements-3.1.0.tgz 326ms (cache miss)
138 http fetch GET 200 https://registry.npmjs.org/use-sync-external-store/-/use-sync-external-store-1.6.0.tgz 440ms (cache miss)
139 http fetch GET 200 https://registry.npmjs.org/html-parse-stringify/-/html-parse-stringify-3.0.1.tgz 906ms (cache miss)
140 http fetch GET 200 https://registry.npmjs.org/i18next/-/i18next-25.8.12.tgz 1955ms (cache miss)
141 http fetch GET 200 https://registry.npmjs.org/react-i18next/-/react-i18next-16.5.4.tgz 3009ms (cache miss)
142 http fetch GET 200 https://registry.npmjs.org/@babel/runtime/-/runtime-7.28.6.tgz 3517ms (cache miss)
143 silly ADD node_modules/void-elements
144 silly ADD node_modules/use-sync-external-store
145 silly ADD node_modules/html-parse-stringify
146 silly ADD node_modules/@babel/runtime
147 silly ADD node_modules/react-i18next
148 silly ADD node_modules/i18next
149 silly ADD
150 silly ADD
151 silly ADD
152 silly ADD
153 silly ADD
154 silly ADD
155 silly ADD
156 silly ADD
157 silly ADD
158 silly ADD
159 silly ADD
160 silly ADD
161 silly ADD
162 silly ADD
163 silly ADD
164 silly ADD
165 silly ADD
166 silly ADD
167 silly ADD
168 silly ADD
169 silly ADD
170 silly ADD
171 silly ADD
172 silly ADD
173 silly ADD
174 silly ADD
175 silly ADD
176 silly ADD
177 silly ADD
178 silly ADD
179 silly ADD
180 silly ADD
181 silly ADD
182 silly ADD
183 silly ADD
184 silly ADD
185 silly ADD
186 silly ADD
187 silly ADD
188 silly ADD
189 silly ADD
190 silly ADD
191 silly ADD
192 silly ADD
193 silly ADD
194 silly ADD
195 verbose exit 0
196 info ok
