0 verbose cli /usr/local/bin/node /usr/local/bin/npm
1 info using npm@10.7.0
2 info using node@v20.15.0
3 silly config:load:file:/usr/local/lib/node_modules/npm/npmrc
4 silly config:load:file:/Volumes/งาน/ ปัณด้า/PhD/web app/.npmrc
5 silly config:load:file:/Users/punda/.npmrc
6 silly config:load:file:/usr/local/etc/npmrc
7 verbose title npm install @vitejs/plugin-basic-ssl
8 verbose argv "install" "@vitejs/plugin-basic-ssl"
9 verbose logfile logs-max:10 dir:/Volumes/งาน/ ปัณด้า/PhD/web app/.npm-cache/_logs/2026-02-20T18_47_07_031Z-
10 verbose logfile /Volumes/งาน/ ปัณด้า/PhD/web app/.npm-cache/_logs/2026-02-20T18_47_07_031Z-debug-0.log
11 silly logfile start cleaning logs, removing 2 files
12 silly logfile done cleaning log files
13 silly idealTree buildDeps
14 silly fetch manifest @vitejs/plugin-basic-ssl@*
15 http fetch GET 200 https://registry.npmjs.org/@vitejs%2fplugin-basic-ssl 1020ms (cache miss)
16 silly fetch manifest vite@^5.0.0
17 http fetch GET 200 https://registry.npmjs.org/vite 665ms (cache revalidated)
18 silly fetch manifest vite@^6.0.0 || ^7.0.0
19 silly fetch manifest @types/node@^18.0.0 || >=20.0.0
20 http fetch GET 200 https://registry.npmjs.org/@types%2fnode 1067ms (cache revalidated)
21 silly fetch manifest less@*
22 http fetch GET 200 https://registry.npmjs.org/less 153ms (cache revalidated)
23 silly fetch manifest lightningcss@^1.21.0
24 http fetch GET 200 https://registry.npmjs.org/lightningcss 350ms (cache revalidated)
25 silly fetch manifest sass@*
26 http fetch GET 200 https://registry.npmjs.org/sass 343ms (cache revalidated)
27 silly fetch manifest sass-embedded@*
28 http fetch GET 200 https://registry.npmjs.org/sass-embedded 160ms (cache revalidated)
29 silly fetch manifest stylus@*
30 http fetch GET 200 https://registry.npmjs.org/stylus 147ms (cache revalidated)
31 silly fetch manifest sugarss@*
32 http fetch GET 200 https://registry.npmjs.org/sugarss 136ms (cache revalidated)
33 silly fetch manifest postcss@^8.5.6
34 http fetch GET 200 https://registry.npmjs.org/postcss 170ms (cache revalidated)
35 silly fetch manifest terser@^5.4.0
36 http fetch GET 200 https://registry.npmjs.org/terser 202ms (cache revalidated)
37 verbose stack Error: unable to resolve dependency tree
37 verbose stack     at #failPeerConflict (/usr/local/lib/node_modules/npm/node_modules/@npmcli/arborist/lib/arborist/build-ideal-tree.js:1386:25)
37 verbose stack     at #loadPeerSet (/usr/local/lib/node_modules/npm/node_modules/@npmcli/arborist/lib/arborist/build-ideal-tree.js:1352:33)
37 verbose stack     at async #buildDepStep (/usr/local/lib/node_modules/npm/node_modules/@npmcli/arborist/lib/arborist/build-ideal-tree.js:923:11)
37 verbose stack     at async Arborist.buildIdealTree (/usr/local/lib/node_modules/npm/node_modules/@npmcli/arborist/lib/arborist/build-ideal-tree.js:203:7)
37 verbose stack     at async Promise.all (index 1)
37 verbose stack     at async Arborist.reify (/usr/local/lib/node_modules/npm/node_modules/@npmcli/arborist/lib/arborist/reify.js:131:5)
37 verbose stack     at async Install.exec (/usr/local/lib/node_modules/npm/lib/commands/install.js:150:5)
37 verbose stack     at async module.exports (/usr/local/lib/node_modules/npm/lib/cli/entry.js:74:5)
38 verbose cwd /Volumes/งาน/ ปัณด้า/PhD/web app
39 verbose Darwin 24.6.0
40 verbose node v20.15.0
41 verbose npm  v10.7.0
42 error code ERESOLVE
43 error ERESOLVE unable to resolve dependency tree
44 error
45 error While resolving: hypertension-prediction-app@0.0.0
45 error Found: vite@5.4.21[2m[22m
45 error [2mnode_modules/vite[22m
45 error   [34mdev[39m vite@"^5.0.0" from the root project
45 error
45 error Could not resolve dependency:
45 error [95mpeer[39m vite@"^6.0.0 || ^7.0.0" from @vitejs/plugin-basic-ssl@2.1.4[2m[22m
45 error [2mnode_modules/@vitejs/plugin-basic-ssl[22m
45 error   @vitejs/plugin-basic-ssl@"*" from the root project
45 error
45 error Fix the upstream dependency conflict, or retry
45 error this command with --force or --legacy-peer-deps
45 error to accept an incorrect (and potentially broken) dependency resolution.
46 error
46 error
46 error For a full report see:
46 error /Volumes/งาน/ ปัณด้า/PhD/web app/.npm-cache/_logs/2026-02-20T18_47_07_031Z-eresolve-report.txt
47 verbose exit 1
48 verbose code 1
49 silly unfinished npm timer reify 1771613227888
50 silly unfinished npm timer reify:loadTrees 1771613227893
51 silly unfinished npm timer idealTree:buildDeps 1771613228266
52 silly unfinished npm timer idealTree:#root 1771613228267
53 error A complete log of this run can be found in: /Volumes/งาน/ ปัณด้า/PhD/web app/.npm-cache/_logs/2026-02-20T18_47_07_031Z-debug-0.log
