0 verbose cli /usr/local/bin/node /usr/local/bin/npm
1 info using npm@10.7.0
2 info using node@v20.15.0
3 silly config:load:file:/usr/local/lib/node_modules/npm/npmrc
4 silly config:load:file:/Volumes/งาน/ ปัณด้า/PhD/web app/.npmrc
5 silly config:load:file:/Users/punda/.npmrc
6 silly config:load:file:/usr/local/etc/npmrc
7 verbose title npm install @vitejs/plugin-basic-ssl@1.2.0
8 verbose argv "install" "@vitejs/plugin-basic-ssl@1.2.0"
9 verbose logfile logs-max:10 dir:/Volumes/งาน/ ปัณด้า/PhD/web app/.npm-cache/_logs/2026-02-20T19_13_45_556Z-
10 verbose logfile /Volumes/งาน/ ปัณด้า/PhD/web app/.npm-cache/_logs/2026-02-20T19_13_45_556Z-debug-0.log
11 silly logfile start cleaning logs, removing 2 files
12 silly logfile done cleaning log files
13 silly idealTree buildDeps
14 silly fetch manifest @vitejs/plugin-basic-ssl@1.2.0
15 http fetch GET 200 https://registry.npmjs.org/@vitejs%2fplugin-basic-ssl 119ms (cache hit)
16 silly fetch manifest vite@^5.0.0
17 http fetch GET 200 https://registry.npmjs.org/vite 337ms (cache hit)
18 silly fetch manifest @types/node@^18.0.0 || >=20.0.0
19 http fetch GET 200 https://registry.npmjs.org/@types%2fnode 220ms (cache hit)
20 silly fetch manifest less@*
21 http fetch GET 200 https://registry.npmjs.org/less 134ms (cache hit)
22 silly fetch manifest lightningcss@^1.21.0
23 http fetch GET 200 https://registry.npmjs.org/lightningcss 56ms (cache hit)
24 silly fetch manifest sass@*
25 http fetch GET 200 https://registry.npmjs.org/sass 61ms (cache hit)
26 silly fetch manifest sass-embedded@*
27 http fetch GET 200 https://registry.npmjs.org/sass-embedded 68ms (cache hit)
28 silly fetch manifest stylus@*
29 http fetch GET 200 https://registry.npmjs.org/stylus 67ms (cache hit)
30 silly fetch manifest sugarss@*
31 http fetch GET 200 https://registry.npmjs.org/sugarss 41ms (cache hit)
32 silly fetch manifest postcss@^8.5.6
33 http fetch GET 200 https://registry.npmjs.org/postcss 78ms (cache hit)
34 silly fetch manifest terser@^5.4.0
35 http fetch GET 200 https://registry.npmjs.org/terser 75ms (cache hit)
36 silly placeDep ROOT @vitejs/plugin-basic-ssl@1.2.0 OK for: hypertension-prediction-app@0.0.0 want: 1.2.0
37 silly reify moves {}
38 silly audit bulk request {
38 silly audit   '@alloc/quick-lru': [ '5.2.0' ],
38 silly audit   '@babel/code-frame': [ '7.29.0' ],
38 silly audit   '@babel/compat-data': [ '7.29.0' ],
38 silly audit   '@babel/core': [ '7.29.0' ],
38 silly audit   '@babel/generator': [ '7.29.0' ],
38 silly audit   '@babel/helper-annotate-as-pure': [ '7.27.3' ],
38 silly audit   '@babel/helper-compilation-targets': [ '7.28.6' ],
38 silly audit   '@babel/helper-create-class-features-plugin': [ '7.28.6' ],
38 silly audit   '@babel/helper-create-regexp-features-plugin': [ '7.28.5' ],
38 silly audit   '@babel/helper-define-polyfill-provider': [ '0.6.6' ],
38 silly audit   resolve: [ '1.22.11', '2.0.0-next.5' ],
38 silly audit   '@babel/helper-globals': [ '7.28.0' ],
38 silly audit   '@babel/helper-member-expression-to-functions': [ '7.28.5' ],
38 silly audit   '@babel/helper-module-imports': [ '7.28.6' ],
38 silly audit   '@babel/helper-module-transforms': [ '7.28.6' ],
38 silly audit   '@babel/helper-optimise-call-expression': [ '7.27.1' ],
38 silly audit   '@babel/helper-plugin-utils': [ '7.28.6' ],
38 silly audit   '@babel/helper-remap-async-to-generator': [ '7.27.1' ],
38 silly audit   '@babel/helper-replace-supers': [ '7.28.6' ],
38 silly audit   '@babel/helper-skip-transparent-expression-wrappers': [ '7.27.1' ],
38 silly audit   '@babel/helper-string-parser': [ '7.27.1' ],
38 silly audit   '@babel/helper-validator-identifier': [ '7.28.5' ],
38 silly audit   '@babel/helper-validator-option': [ '7.27.1' ],
38 silly audit   '@babel/helper-wrap-function': [ '7.28.6' ],
38 silly audit   '@babel/helpers': [ '7.28.6' ],
38 silly audit   '@babel/parser': [ '7.29.0' ],
38 silly audit   '@babel/plugin-bugfix-firefox-class-in-computed-class-key': [ '7.28.5' ],
38 silly audit   '@babel/plugin-bugfix-safari-class-field-initializer-scope': [ '7.27.1' ],
38 silly audit   '@babel/plugin-bugfix-safari-id-destructuring-collision-in-function-expression': [ '7.27.1' ],
38 silly audit   '@babel/plugin-bugfix-v8-spread-parameters-in-optional-chaining': [ '7.27.1' ],
38 silly audit   '@babel/plugin-bugfix-v8-static-class-fields-redefine-readonly': [ '7.28.6' ],
38 silly audit   '@babel/plugin-proposal-private-property-in-object': [ '7.21.0-placeholder-for-preset-env.2' ],
38 silly audit   '@babel/plugin-syntax-import-assertions': [ '7.28.6' ],
38 silly audit   '@babel/plugin-syntax-import-attributes': [ '7.28.6' ],
38 silly audit   '@babel/plugin-syntax-unicode-sets-regex': [ '7.18.6' ],
38 silly audit   '@babel/plugin-transform-arrow-functions': [ '7.27.1' ],
38 silly audit   '@babel/plugin-transform-async-generator-functions': [ '7.29.0' ],
38 silly audit   '@babel/plugin-transform-async-to-generator': [ '7.28.6' ],
38 silly audit   '@babel/plugin-transform-block-scoped-functions': [ '7.27.1' ],
38 silly audit   '@babel/plugin-transform-block-scoping': [ '7.28.6' ],
38 silly audit   '@babel/plugin-transform-class-properties': [ '7.28.6' ],
38 silly audit   '@babel/plugin-transform-class-static-block': [ '7.28.6' ],
38 silly audit   '@babel/plugin-transform-classes': [ '7.28.6' ],
38 silly audit   '@babel/plugin-transform-computed-properties': [ '7.28.6' ],
38 silly audit   '@babel/plugin-transform-destructuring': [ '7.28.5' ],
38 silly audit   '@babel/plugin-transform-dotall-regex': [ '7.28.6' ],
38 silly audit   '@babel/plugin-transform-duplicate-keys': [ '7.27.1' ],
38 silly audit   '@babel/plugin-transform-duplicate-named-capturing-groups-regex': [ '7.29.0' ],
38 silly audit   '@babel/plugin-transform-dynamic-import': [ '7.27.1' ],
38 silly audit   '@babel/plugin-transform-explicit-resource-management': [ '7.28.6' ],
38 silly audit   '@babel/plugin-transform-exponentiation-operator': [ '7.28.6' ],
38 silly audit   '@babel/plugin-transform-export-namespace-from': [ '7.27.1' ],
38 silly audit   '@babel/plugin-transform-for-of': [ '7.27.1' ],
38 silly audit   '@babel/plugin-transform-function-name': [ '7.27.1' ],
38 silly audit   '@babel/plugin-transform-json-strings': [ '7.28.6' ],
38 silly audit   '@babel/plugin-transform-literals': [ '7.27.1' ],
38 silly audit   '@babel/plugin-transform-logical-assignment-operators': [ '7.28.6' ],
38 silly audit   '@babel/plugin-transform-member-expression-literals': [ '7.27.1' ],
38 silly audit   '@babel/plugin-transform-modules-amd': [ '7.27.1' ],
38 silly audit   '@babel/plugin-transform-modules-commonjs': [ '7.28.6' ],
38 silly audit   '@babel/plugin-transform-modules-systemjs': [ '7.29.0' ],
38 silly audit   '@babel/plugin-transform-modules-umd': [ '7.27.1' ],
38 silly audit   '@babel/plugin-transform-named-capturing-groups-regex': [ '7.29.0' ],
38 silly audit   '@babel/plugin-transform-new-target': [ '7.27.1' ],
38 silly audit   '@babel/plugin-transform-nullish-coalescing-operator': [ '7.28.6' ],
38 silly audit   '@babel/plugin-transform-numeric-separator': [ '7.28.6' ],
38 silly audit   '@babel/plugin-transform-object-rest-spread': [ '7.28.6' ],
38 silly audit   '@babel/plugin-transform-object-super': [ '7.27.1' ],
38 silly audit   '@babel/plugin-transform-optional-catch-binding': [ '7.28.6' ],
38 silly audit   '@babel/plugin-transform-optional-chaining': [ '7.28.6' ],
38 silly audit   '@babel/plugin-transform-parameters': [ '7.27.7' ],
38 silly audit   '@babel/plugin-transform-private-methods': [ '7.28.6' ],
38 silly audit   '@babel/plugin-transform-private-property-in-object': [ '7.28.6' ],
38 silly audit   '@babel/plugin-transform-property-literals': [ '7.27.1' ],
38 silly audit   '@babel/plugin-transform-react-jsx-self': [ '7.27.1' ],
38 silly audit   '@babel/plugin-transform-react-jsx-source': [ '7.27.1' ],
38 silly audit   '@babel/plugin-transform-regenerator': [ '7.29.0' ],
38 silly audit   '@babel/plugin-transform-regexp-modifiers': [ '7.28.6' ],
38 silly audit   '@babel/plugin-transform-reserved-words': [ '7.27.1' ],
38 silly audit   '@babel/plugin-transform-shorthand-properties': [ '7.27.1' ],
38 silly audit   '@babel/plugin-transform-spread': [ '7.28.6' ],
38 silly audit   '@babel/plugin-transform-sticky-regex': [ '7.27.1' ],
38 silly audit   '@babel/plugin-transform-template-literals': [ '7.27.1' ],
38 silly audit   '@babel/plugin-transform-typeof-symbol': [ '7.27.1' ],
38 silly audit   '@babel/plugin-transform-unicode-escapes': [ '7.27.1' ],
38 silly audit   '@babel/plugin-transform-unicode-property-regex': [ '7.28.6' ],
38 silly audit   '@babel/plugin-transform-unicode-regex': [ '7.27.1' ],
38 silly audit   '@babel/plugin-transform-unicode-sets-regex': [ '7.28.6' ],
38 silly audit   '@babel/preset-env': [ '7.29.0' ],
38 silly audit   '@babel/preset-modules': [ '0.1.6-no-external-plugins' ],
38 silly audit   '@babel/runtime': [ '7.28.6' ],
38 silly audit   '@babel/template': [ '7.28.6' ],
38 silly audit   '@babel/traverse': [ '7.29.0' ],
38 silly audit   '@babel/types': [ '7.29.0' ],
38 silly audit   '@esbuild/aix-ppc64': [ '0.21.5' ],
38 silly audit   '@esbuild/android-arm': [ '0.21.5' ],
38 silly audit   '@esbuild/android-arm64': [ '0.21.5' ],
38 silly audit   '@esbuild/android-x64': [ '0.21.5' ],
38 silly audit   '@esbuild/darwin-arm64': [ '0.21.5' ],
38 silly audit   '@esbuild/darwin-x64': [ '0.21.5' ],
38 silly audit   '@esbuild/freebsd-arm64': [ '0.21.5' ],
38 silly audit   '@esbuild/freebsd-x64': [ '0.21.5' ],
38 silly audit   '@esbuild/linux-arm': [ '0.21.5' ],
38 silly audit   '@esbuild/linux-arm64': [ '0.21.5' ],
38 silly audit   '@esbuild/linux-ia32': [ '0.21.5' ],
38 silly audit   '@esbuild/linux-loong64': [ '0.21.5' ],
38 silly audit   '@esbuild/linux-mips64el': [ '0.21.5' ],
38 silly audit   '@esbuild/linux-ppc64': [ '0.21.5' ],
38 silly audit   '@esbuild/linux-riscv64': [ '0.21.5' ],
38 silly audit   '@esbuild/linux-s390x': [ '0.21.5' ],
38 silly audit   '@esbuild/linux-x64': [ '0.21.5' ],
38 silly audit   '@esbuild/netbsd-x64': [ '0.21.5' ],
38 silly audit   '@esbuild/openbsd-x64': [ '0.21.5' ],
38 silly audit   '@esbuild/sunos-x64': [ '0.21.5' ],
38 silly audit   '@esbuild/win32-arm64': [ '0.21.5' ],
38 silly audit   '@esbuild/win32-ia32': [ '0.21.5' ],
38 silly audit   '@esbuild/win32-x64': [ '0.21.5' ],
38 silly audit   '@eslint-community/eslint-utils': [ '4.9.1' ],
38 silly audit   '@eslint-community/regexpp': [ '4.12.2' ],
38 silly audit   '@eslint/eslintrc': [ '2.1.4' ],
38 silly audit   '@eslint/js': [ '8.57.1' ],
38 silly audit   '@humanwhocodes/config-array': [ '0.13.0' ],
38 silly audit   '@humanwhocodes/module-importer': [ '1.0.1' ],
38 silly audit   '@humanwhocodes/object-schema': [ '2.0.3' ],
38 silly audit   '@isaacs/cliui': [ '9.0.0' ],
38 silly audit   '@jridgewell/gen-mapping': [ '0.3.13' ],
38 silly audit   '@jridgewell/remapping': [ '2.3.5' ],
38 silly audit   '@jridgewell/resolve-uri': [ '3.1.2' ],
38 silly audit   '@jridgewell/source-map': [ '0.3.11' ],
38 silly audit   '@jridgewell/sourcemap-codec': [ '1.5.5' ],
38 silly audit   '@jridgewell/trace-mapping': [ '0.3.31' ],
38 silly audit   '@nodelib/fs.scandir': [ '2.1.5' ],
38 silly audit   '@nodelib/fs.stat': [ '2.0.5' ],
38 silly audit   '@nodelib/fs.walk': [ '1.2.8' ],
38 silly audit   '@remix-run/router': [ '1.23.2' ],
38 silly audit   '@rolldown/pluginutils': [ '1.0.0-beta.27' ],
38 silly audit   '@rollup/plugin-node-resolve': [ '15.3.1' ],
38 silly audit   '@rollup/plugin-terser': [ '0.4.4' ],
38 silly audit   '@rollup/pluginutils': [ '5.3.0', '3.1.0' ],
38 silly audit   picomatch: [ '4.0.3', '2.3.1' ],
38 silly audit   '@rollup/rollup-android-arm-eabi': [ '4.57.1' ],
38 silly audit   '@rollup/rollup-android-arm64': [ '4.57.1' ],
38 silly audit   '@rollup/rollup-darwin-arm64': [ '4.57.1' ],
38 silly audit   '@rollup/rollup-darwin-x64': [ '4.57.1' ],
38 silly audit   '@rollup/rollup-freebsd-arm64': [ '4.57.1' ],
38 silly audit   '@rollup/rollup-freebsd-x64': [ '4.57.1' ],
38 silly audit   '@rollup/rollup-linux-arm-gnueabihf': [ '4.57.1' ],
38 silly audit   '@rollup/rollup-linux-arm-musleabihf': [ '4.57.1' ],
38 silly audit   '@rollup/rollup-linux-arm64-gnu': [ '4.57.1' ],
38 silly audit   '@rollup/rollup-linux-arm64-musl': [ '4.57.1' ],
38 silly audit   '@rollup/rollup-linux-loong64-gnu': [ '4.57.1' ],
38 silly audit   '@rollup/rollup-linux-loong64-musl': [ '4.57.1' ],
38 silly audit   '@rollup/rollup-linux-ppc64-gnu': [ '4.57.1' ],
38 silly audit   '@rollup/rollup-linux-ppc64-musl': [ '4.57.1' ],
38 silly audit   '@rollup/rollup-linux-riscv64-gnu': [ '4.57.1' ],
38 silly audit   '@rollup/rollup-linux-riscv64-musl': [ '4.57.1' ],
38 silly audit   '@rollup/rollup-linux-s390x-gnu': [ '4.57.1' ],
38 silly audit   '@rollup/rollup-linux-x64-gnu': [ '4.57.1' ],
38 silly audit   '@rollup/rollup-linux-x64-musl': [ '4.57.1' ],
38 silly audit   '@rollup/rollup-openbsd-x64': [ '4.57.1' ],
38 silly audit   '@rollup/rollup-openharmony-arm64': [ '4.57.1' ],
38 silly audit   '@rollup/rollup-win32-arm64-msvc': [ '4.57.1' ],
38 silly audit   '@rollup/rollup-win32-ia32-msvc': [ '4.57.1' ],
38 silly audit   '@rollup/rollup-win32-x64-gnu': [ '4.57.1' ],
38 silly audit   '@rollup/rollup-win32-x64-msvc': [ '4.57.1' ],
38 silly audit   '@surma/rollup-plugin-off-main-thread': [ '2.2.3' ],
38 silly audit   '@types/babel__core': [ '7.20.5' ],
38 silly audit   '@types/babel__generator': [ '7.27.0' ],
38 silly audit   '@types/babel__template': [ '7.4.4' ],
38 silly audit   '@types/babel__traverse': [ '7.28.0' ],
38 silly audit   '@types/estree': [ '1.0.8', '0.0.39' ],
38 silly audit   '@types/prop-types': [ '15.7.15' ],
38 silly audit   '@types/react': [ '18.3.27' ],
38 silly audit   '@types/react-dom': [ '18.3.7' ],
38 silly audit   '@types/resolve': [ '1.20.2' ],
38 silly audit   '@types/trusted-types': [ '2.0.7' ],
38 silly audit   '@ungap/structured-clone': [ '1.3.0' ],
38 silly audit   '@vitejs/plugin-react': [ '4.7.0' ],
38 silly audit   acorn: [ '8.15.0' ],
38 silly audit   'acorn-jsx': [ '5.3.2' ],
38 silly audit   ajv: [ '6.12.6', '8.18.0' ],
38 silly audit   'ansi-regex': [ '5.0.1' ],
38 silly audit   'ansi-styles': [ '4.3.0' ],
38 silly audit   'any-promise': [ '1.3.0' ],
38 silly audit   anymatch: [ '3.1.3' ],
38 silly audit   arg: [ '5.0.2' ],
38 silly audit   argparse: [ '2.0.1' ],
38 silly audit   'array-buffer-byte-length': [ '1.0.2' ],
38 silly audit   'array-includes': [ '3.1.9' ],
38 silly audit   'array.prototype.findlast': [ '1.2.5' ],
38 silly audit   'array.prototype.flat': [ '1.3.3' ],
38 silly audit   'array.prototype.flatmap': [ '1.3.3' ],
38 silly audit   'array.prototype.tosorted': [ '1.1.4' ],
38 silly audit   'arraybuffer.prototype.slice': [ '1.0.4' ],
38 silly audit   async: [ '3.2.6' ],
38 silly audit   'async-function': [ '1.0.0' ],
38 silly audit   'at-least-node': [ '1.0.0' ],
38 silly audit   autoprefixer: [ '10.4.24' ],
38 silly audit   'available-typed-arrays': [ '1.0.7' ],
38 silly audit   'babel-plugin-polyfill-corejs2': [ '0.4.15' ],
38 silly audit   'babel-plugin-polyfill-corejs3': [ '0.14.0' ],
38 silly audit   'babel-plugin-polyfill-regenerator': [ '0.6.6' ],
38 silly audit   'balanced-match': [ '1.0.2', '4.0.3' ],
38 silly audit   'baseline-browser-mapping': [ '2.9.19' ],
38 silly audit   'binary-extensions': [ '2.3.0' ],
38 silly audit   'brace-expansion': [ '1.1.12', '2.0.2', '5.0.2' ],
38 silly audit   braces: [ '3.0.3' ],
38 silly audit   browserslist: [ '4.28.1' ],
38 silly audit   'buffer-from': [ '1.1.2' ],
38 silly audit   'call-bind': [ '1.0.8' ],
38 silly audit   'call-bind-apply-helpers': [ '1.0.2' ],
38 silly audit   'call-bound': [ '1.0.4' ],
38 silly audit   callsites: [ '3.1.0' ],
38 silly audit   'camelcase-css': [ '2.0.1' ],
38 silly audit   'caniuse-lite': [ '1.0.30001766' ],
38 silly audit   chalk: [ '4.1.2' ],
38 silly audit   chokidar: [ '3.6.0' ],
38 silly audit   'glob-parent': [ '5.1.2', '6.0.2' ],
38 silly audit   'color-convert': [ '2.0.1' ],
38 silly audit   'color-name': [ '1.1.4' ],
38 silly audit   commander: [ '4.1.1', '2.20.3' ],
38 silly audit   'common-tags': [ '1.8.2' ],
38 silly audit   'concat-map': [ '0.0.1' ],
38 silly audit   'convert-source-map': [ '2.0.0' ],
38 silly audit   'core-js-compat': [ '3.48.0' ],
38 silly audit   'cross-spawn': [ '7.0.6' ],
38 silly audit   'crypto-random-string': [ '2.0.0' ],
38 silly audit   cssesc: [ '3.0.0' ],
38 silly audit   csstype: [ '3.2.3' ],
38 silly audit   'data-view-buffer': [ '1.0.2' ],
38 silly audit   'data-view-byte-length': [ '1.0.2' ],
38 silly audit   'data-view-byte-offset': [ '1.0.1' ],
38 silly audit   debug: [ '4.4.3' ],
38 silly audit   'deep-is': [ '0.1.4' ],
38 silly audit   deepmerge: [ '4.3.1' ],
38 silly audit   'define-data-property': [ '1.1.4' ],
38 silly audit   'define-properties': [ '1.2.1' ],
38 silly audit   didyoumean: [ '1.2.2' ],
38 silly audit   dlv: [ '1.1.3' ],
38 silly audit   doctrine: [ '3.0.0', '2.1.0' ],
38 silly audit   'dunder-proto': [ '1.0.1' ],
38 silly audit   ejs: [ '3.1.10' ],
38 silly audit   'electron-to-chromium': [ '1.5.283' ],
38 silly audit   'es-abstract': [ '1.24.1' ],
38 silly audit   'es-define-property': [ '1.0.1' ],
38 silly audit   'es-errors': [ '1.3.0' ],
38 silly audit   'es-iterator-helpers': [ '1.2.2' ],
38 silly audit   'es-object-atoms': [ '1.1.1' ],
38 silly audit   'es-set-tostringtag': [ '2.1.0' ],
38 silly audit   'es-shim-unscopables': [ '1.1.0' ],
38 silly audit   'es-to-primitive': [ '1.3.0' ],
38 silly audit   esbuild: [ '0.21.5' ],
38 silly audit   escalade: [ '3.2.0' ],
38 silly audit   'escape-string-regexp': [ '4.0.0' ],
38 silly audit   eslint: [ '8.57.1' ],
38 silly audit   'eslint-plugin-react': [ '7.37.5' ],
38 silly audit   'eslint-plugin-react-hooks': [ '4.6.2' ],
38 silly audit   'eslint-plugin-react-refresh': [ '0.4.26' ],
38 silly audit   'eslint-scope': [ '7.2.2' ],
38 silly audit   'eslint-visitor-keys': [ '3.4.3' ],
38 silly audit   espree: [ '9.6.1' ],
38 silly audit   esquery: [ '1.7.0' ],
38 silly audit   esrecurse: [ '4.3.0' ],
38 silly audit   estraverse: [ '5.3.0' ],
38 silly audit   'estree-walker': [ '2.0.2', '1.0.1' ],
38 silly audit   esutils: [ '2.0.3' ],
38 silly audit   'fast-deep-equal': [ '3.1.3' ],
38 silly audit   'fast-glob': [ '3.3.3' ],
38 silly audit   'fast-json-stable-stringify': [ '2.1.0' ],
38 silly audit   'fast-levenshtein': [ '2.0.6' ],
38 silly audit   'fast-uri': [ '3.1.0' ],
38 silly audit   fastq: [ '1.20.1' ],
38 silly audit   'file-entry-cache': [ '6.0.1' ],
38 silly audit   filelist: [ '1.0.4' ],
38 silly audit   minimatch: [ '5.1.6', '3.1.2', '10.2.2' ],
38 silly audit   'fill-range': [ '7.1.1' ],
38 silly audit   'find-up': [ '5.0.0' ],
38 silly audit   'flat-cache': [ '3.2.0' ],
38 silly audit   flatted: [ '3.3.3' ],
38 silly audit   'for-each': [ '0.3.5' ],
38 silly audit   'foreground-child': [ '3.3.1' ],
38 silly audit   'fraction.js': [ '5.3.4' ],
38 silly audit   'fs-extra': [ '9.1.0' ],
38 silly audit   'fs.realpath': [ '1.0.0' ],
38 silly audit   fsevents: [ '2.3.3' ],
38 silly audit   'function-bind': [ '1.1.2' ],
38 silly audit   'function.prototype.name': [ '1.1.8' ],
38 silly audit   'functions-have-names': [ '1.2.3' ],
38 silly audit   'generator-function': [ '2.0.1' ],
38 silly audit   gensync: [ '1.0.0-beta.2' ],
38 silly audit   'get-intrinsic': [ '1.3.0' ],
38 silly audit   'get-own-enumerable-property-symbols': [ '3.0.2' ],
38 silly audit   'get-proto': [ '1.0.1' ],
38 silly audit   'get-symbol-description': [ '1.1.0' ],
38 silly audit   glob: [ '7.2.3', '11.1.0' ],
38 silly audit   globals: [ '13.24.0' ],
38 silly audit   globalthis: [ '1.0.4' ],
38 silly audit   gopd: [ '1.2.0' ],
38 silly audit   'graceful-fs': [ '4.2.11' ],
38 silly audit   graphemer: [ '1.4.0' ],
38 silly audit   'has-bigints': [ '1.1.0' ],
38 silly audit   'has-flag': [ '4.0.0' ],
38 silly audit   'has-property-descriptors': [ '1.0.2' ],
38 silly audit   'has-proto': [ '1.2.0' ],
38 silly audit   'has-symbols': [ '1.1.0' ],
38 silly audit   'has-tostringtag': [ '1.0.2' ],
38 silly audit   hasown: [ '2.0.2' ],
38 silly audit   'html-parse-stringify': [ '3.0.1' ],
38 silly audit   i18next: [ '25.8.12' ],
38 silly audit   idb: [ '7.1.1' ],
38 silly audit   ignore: [ '5.3.2' ],
38 silly audit   'import-fresh': [ '3.3.1' ],
38 silly audit   imurmurhash: [ '0.1.4' ],
38 silly audit   inflight: [ '1.0.6' ],
38 silly audit   inherits: [ '2.0.4' ],
38 silly audit   'internal-slot': [ '1.1.0' ],
38 silly audit   'is-array-buffer': [ '3.0.5' ],
38 silly audit   'is-async-function': [ '2.1.1' ],
38 silly audit   'is-bigint': [ '1.1.0' ],
38 silly audit   'is-binary-path': [ '2.1.0' ],
38 silly audit   'is-boolean-object': [ '1.2.2' ],
38 silly audit   'is-callable': [ '1.2.7' ],
38 silly audit   'is-core-module': [ '2.16.1' ],
38 silly audit   'is-data-view': [ '1.0.2' ],
38 silly audit   'is-date-object': [ '1.1.0' ],
38 silly audit   'is-extglob': [ '2.1.1' ],
38 silly audit   'is-finalizationregistry': [ '1.1.1' ],
38 silly audit   'is-generator-function': [ '1.1.2' ],
38 silly audit   'is-glob': [ '4.0.3' ],
38 silly audit   'is-map': [ '2.0.3' ],
38 silly audit   'is-module': [ '1.0.0' ],
38 silly audit   'is-negative-zero': [ '2.0.3' ],
38 silly audit   'is-number': [ '7.0.0' ],
38 silly audit   'is-number-object': [ '1.1.1' ],
38 silly audit   'is-obj': [ '1.0.1' ],
38 silly audit   'is-path-inside': [ '3.0.3' ],
38 silly audit   'is-regex': [ '1.2.1' ],
38 silly audit   'is-regexp': [ '1.0.0' ],
38 silly audit   'is-set': [ '2.0.3' ],
38 silly audit   'is-shared-array-buffer': [ '1.0.4' ],
38 silly audit   'is-stream': [ '2.0.1' ],
38 silly audit   'is-string': [ '1.1.1' ],
38 silly audit   'is-symbol': [ '1.1.1' ],
38 silly audit   'is-typed-array': [ '1.1.15' ],
38 silly audit   'is-weakmap': [ '2.0.2' ],
38 silly audit   'is-weakref': [ '1.1.1' ],
38 silly audit   'is-weakset': [ '2.0.4' ],
38 silly audit   isarray: [ '2.0.5' ],
38 silly audit   isexe: [ '2.0.0' ],
38 silly audit   'iterator.prototype': [ '1.1.5' ],
38 silly audit   jackspeak: [ '4.2.3' ],
38 silly audit   jake: [ '10.9.4' ],
38 silly audit   jiti: [ '1.21.7' ],
38 silly audit   'js-tokens': [ '4.0.0' ],
38 silly audit   'js-yaml': [ '4.1.1' ],
38 silly audit   jsesc: [ '3.1.0' ],
38 silly audit   'json-buffer': [ '3.0.1' ],
38 silly audit   'json-schema': [ '0.4.0' ],
38 silly audit   'json-schema-traverse': [ '0.4.1', '1.0.0' ],
38 silly audit   'json-stable-stringify-without-jsonify': [ '1.0.1' ],
38 silly audit   json5: [ '2.2.3' ],
38 silly audit   jsonfile: [ '6.2.0' ],
38 silly audit   jsonpointer: [ '5.0.1' ],
38 silly audit   'jsx-ast-utils': [ '3.3.5' ],
38 silly audit   keyv: [ '4.5.4' ],
38 silly audit   leven: [ '3.1.0' ],
38 silly audit   levn: [ '0.4.1' ],
38 silly audit   lilconfig: [ '2.1.0', '3.1.3' ],
38 silly audit   'lines-and-columns': [ '1.2.4' ],
38 silly audit   'locate-path': [ '6.0.0' ],
38 silly audit   lodash: [ '4.17.23' ],
38 silly audit   'lodash.debounce': [ '4.0.8' ],
38 silly audit   'lodash.merge': [ '4.6.2' ],
38 silly audit   'lodash.sortby': [ '4.7.0' ],
38 silly audit   'loose-envify': [ '1.4.0' ],
38 silly audit   'lru-cache': [ '5.1.1', '11.2.6' ],
38 silly audit   'lucide-react': [ '0.294.0' ],
38 silly audit   'magic-string': [ '0.25.9' ],
38 silly audit   'math-intrinsics': [ '1.1.0' ],
38 silly audit   merge2: [ '1.4.1' ],
38 silly audit   micromatch: [ '4.0.8' ],
38 silly audit   minipass: [ '7.1.3' ],
38 silly audit   ms: [ '2.1.3' ],
38 silly audit   mz: [ '2.7.0' ],
38 silly audit   nanoid: [ '3.3.11' ],
38 silly audit   'natural-compare': [ '1.4.0' ],
38 silly audit   'node-releases': [ '2.0.27' ],
38 silly audit   'normalize-path': [ '3.0.0' ],
38 silly audit   'object-assign': [ '4.1.1' ],
38 silly audit   'object-hash': [ '3.0.0' ],
38 silly audit   'object-inspect': [ '1.13.4' ],
38 silly audit   'object-keys': [ '1.1.1' ],
38 silly audit   'object.assign': [ '4.1.7' ],
38 silly audit   'object.entries': [ '1.1.9' ],
38 silly audit   'object.fromentries': [ '2.0.8' ],
38 silly audit   'object.values': [ '1.2.1' ],
38 silly audit   once: [ '1.4.0' ],
38 silly audit   optionator: [ '0.9.4' ],
38 silly audit   'own-keys': [ '1.0.1' ],
38 silly audit   'p-limit': [ '3.1.0' ],
38 silly audit   'p-locate': [ '5.0.0' ],
38 silly audit   'package-json-from-dist': [ '1.0.1' ],
38 silly audit   'parent-module': [ '1.0.1' ],
38 silly audit   'path-exists': [ '4.0.0' ],
38 silly audit   'path-is-absolute': [ '1.0.1' ],
38 silly audit   'path-key': [ '3.1.1' ],
38 silly audit   'path-parse': [ '1.0.7' ],
38 silly audit   'path-scurry': [ '2.0.2' ],
38 silly audit   picocolors: [ '1.1.1' ],
38 silly audit   pify: [ '2.3.0' ],
38 silly audit   pirates: [ '4.0.7' ],
38 silly audit   'possible-typed-array-names': [ '1.1.0' ],
38 silly audit   postcss: [ '8.5.6' ],
38 silly audit   'postcss-import': [ '15.1.0' ],
38 silly audit   'postcss-js': [ '4.1.0' ],
38 silly audit   'postcss-load-config': [ '4.0.2' ],
38 silly audit   'postcss-nested': [ '6.2.0' ],
38 silly audit   'postcss-selector-parser': [ '6.1.2' ],
38 silly audit   'postcss-value-parser': [ '4.2.0' ],
38 silly audit   'prelude-ls': [ '1.2.1' ],
38 silly audit   'pretty-bytes': [ '6.1.1', '5.6.0' ],
38 silly audit   'prop-types': [ '15.8.1' ],
38 silly audit   punycode: [ '2.3.1' ],
38 silly audit   'queue-microtask': [ '1.2.3' ],
38 silly audit   randombytes: [ '2.1.0' ],
38 silly audit   react: [ '18.3.1' ],
38 silly audit   'react-dom': [ '18.3.1' ],
38 silly audit   'react-i18next': [ '16.5.4' ],
38 silly audit   'react-is': [ '16.13.1' ],
38 silly audit   'react-refresh': [ '0.17.0' ],
38 silly audit   'react-router': [ '6.30.3' ],
38 silly audit   'react-router-dom': [ '6.30.3' ],
38 silly audit   'read-cache': [ '1.0.0' ],
38 silly audit   readdirp: [ '3.6.0' ],
38 silly audit   'reflect.getprototypeof': [ '1.0.10' ],
38 silly audit   regenerate: [ '1.4.2' ],
38 silly audit   'regenerate-unicode-properties': [ '10.2.2' ],
38 silly audit   'regexp.prototype.flags': [ '1.5.4' ],
38 silly audit   'regexpu-core': [ '6.4.0' ],
38 silly audit   regjsgen: [ '0.8.0' ],
38 silly audit   regjsparser: [ '0.13.0' ],
38 silly audit   'require-from-string': [ '2.0.2' ],
38 silly audit   'resolve-from': [ '4.0.0' ],
38 silly audit   reusify: [ '1.1.0' ],
38 silly audit   rimraf: [ '3.0.2' ],
38 silly audit   rollup: [ '4.57.1', '2.79.2' ],
38 silly audit   'run-parallel': [ '1.2.0' ],
38 silly audit   'safe-array-concat': [ '1.1.3' ],
38 silly audit   'safe-buffer': [ '5.2.1' ],
38 silly audit   'safe-push-apply': [ '1.0.0' ],
38 silly audit   'safe-regex-test': [ '1.1.0' ],
38 silly audit   scheduler: [ '0.23.2' ],
38 silly audit   semver: [ '6.3.1' ],
38 silly audit   'serialize-javascript': [ '6.0.2' ],
38 silly audit   'set-function-length': [ '1.2.2' ],
38 silly audit   'set-function-name': [ '2.0.2' ],
38 silly audit   'set-proto': [ '1.0.0' ],
38 silly audit   'shebang-command': [ '2.0.0' ],
38 silly audit   'shebang-regex': [ '3.0.0' ],
38 silly audit   'side-channel': [ '1.1.0' ],
38 silly audit   'side-channel-list': [ '1.0.0' ],
38 silly audit   'side-channel-map': [ '1.0.1' ],
38 silly audit   'side-channel-weakmap': [ '1.0.2' ],
38 silly audit   'signal-exit': [ '4.1.0' ],
38 silly audit   smob: [ '1.6.1' ],
38 silly audit   'source-map': [ '0.8.0-beta.0', '0.6.1' ],
38 silly audit   'source-map-js': [ '1.2.1' ],
38 silly audit   'source-map-support': [ '0.5.21' ],
38 silly audit   'sourcemap-codec': [ '1.4.8' ],
38 silly audit   'stop-iteration-iterator': [ '1.1.0' ],
38 silly audit   'string.prototype.matchall': [ '4.0.12' ],
38 silly audit   'string.prototype.repeat': [ '1.0.0' ],
38 silly audit   'string.prototype.trim': [ '1.2.10' ],
38 silly audit   'string.prototype.trimend': [ '1.0.9' ],
38 silly audit   'string.prototype.trimstart': [ '1.0.8' ],
38 silly audit   'stringify-object': [ '3.3.0' ],
38 silly audit   'strip-ansi': [ '6.0.1' ],
38 silly audit   'strip-comments': [ '2.0.1' ],
38 silly audit   'strip-json-comments': [ '3.1.1' ],
38 silly audit   sucrase: [ '3.35.1' ],
38 silly audit   'supports-color': [ '7.2.0' ],
38 silly audit   'supports-preserve-symlinks-flag': [ '1.0.0' ],
38 silly audit   tailwindcss: [ '3.4.1' ],
38 silly audit   'temp-dir': [ '2.0.0' ],
38 silly audit   tempy: [ '0.6.0' ],
38 silly audit   'type-fest': [ '0.16.0', '0.20.2' ],
38 silly audit   terser: [ '5.46.0' ],
38 silly audit   'text-table': [ '0.2.0' ],
38 silly audit   thenify: [ '3.3.1' ],
38 silly audit   'thenify-all': [ '1.6.0' ],
38 silly audit   tinyglobby: [ '0.2.15' ],
38 silly audit   fdir: [ '6.5.0' ],
38 silly audit   'to-regex-range': [ '5.0.1' ],
38 silly audit   tr46: [ '1.0.1' ],
38 silly audit   'ts-interface-checker': [ '0.1.13' ],
38 silly audit   'type-check': [ '0.4.0' ],
38 silly audit   'typed-array-buffer': [ '1.0.3' ],
38 silly audit   'typed-array-byte-length': [ '1.0.3' ],
38 silly audit   'typed-array-byte-offset': [ '1.0.4' ],
38 silly audit   'typed-array-length': [ '1.0.7' ],
38 silly audit   'unbox-primitive': [ '1.1.0' ],
38 silly audit   'unicode-canonical-property-names-ecmascript': [ '2.0.1' ],
38 silly audit   'unicode-match-property-ecmascript': [ '2.0.0' ],
38 silly audit   'unicode-match-property-value-ecmascript': [ '2.2.1' ],
38 silly audit   'unicode-property-aliases-ecmascript': [ '2.2.0' ],
38 silly audit   'unique-string': [ '2.0.0' ],
38 silly audit   universalify: [ '2.0.1' ],
38 silly audit   upath: [ '1.2.0' ],
38 silly audit   'update-browserslist-db': [ '1.2.3' ],
38 silly audit   'uri-js': [ '4.4.1' ],
38 silly audit   'use-sync-external-store': [ '1.6.0' ],
38 silly audit   'util-deprecate': [ '1.0.2' ],
38 silly audit   vite: [ '5.4.21' ],
38 silly audit   'vite-plugin-pwa': [ '1.2.0' ],
38 silly audit   'void-elements': [ '3.1.0' ],
38 silly audit   'webidl-conversions': [ '4.0.2' ],
38 silly audit   'whatwg-url': [ '7.1.0' ],
38 silly audit   which: [ '2.0.2' ],
38 silly audit   'which-boxed-primitive': [ '1.1.1' ],
38 silly audit   'which-builtin-type': [ '1.2.1' ],
38 silly audit   'which-collection': [ '1.0.2' ],
38 silly audit   'which-typed-array': [ '1.1.20' ],
38 silly audit   'word-wrap': [ '1.2.5' ],
38 silly audit   'workbox-background-sync': [ '7.4.0' ],
38 silly audit   'workbox-broadcast-update': [ '7.4.0' ],
38 silly audit   'workbox-build': [ '7.4.0' ],
38 silly audit   '@apideck/better-ajv-errors': [ '0.3.6' ],
38 silly audit   '@rollup/plugin-babel': [ '5.3.1' ],
38 silly audit   '@rollup/plugin-replace': [ '2.4.2' ],
38 silly audit   'workbox-cacheable-response': [ '7.4.0' ],
38 silly audit   'workbox-core': [ '7.4.0' ],
38 silly audit   'workbox-expiration': [ '7.4.0' ],
38 silly audit   'workbox-google-analytics': [ '7.4.0' ],
38 silly audit   'workbox-navigation-preload': [ '7.4.0' ],
38 silly audit   'workbox-precaching': [ '7.4.0' ],
38 silly audit   'workbox-range-requests': [ '7.4.0' ],
38 silly audit   'workbox-recipes': [ '7.4.0' ],
38 silly audit   'workbox-routing': [ '7.4.0' ],
38 silly audit   'workbox-strategies': [ '7.4.0' ],
38 silly audit   'workbox-streams': [ '7.4.0' ],
38 silly audit   'workbox-sw': [ '7.4.0' ],
38 silly audit   'workbox-window': [ '7.4.0' ],
38 silly audit   wrappy: [ '1.0.2' ],
38 silly audit   yallist: [ '3.1.1' ],
38 silly audit   yaml: [ '2.8.2' ],
38 silly audit   'yocto-queue': [ '0.1.0' ],
38 silly audit   '@vitejs/plugin-basic-ssl': [ '1.2.0' ]
38 silly audit }
39 verbose reify failed optional dependency /Volumes/งาน/ ปัณด้า/PhD/web app/node_modules/@rollup/rollup-win32-x64-msvc
40 silly reify mark deleted [
40 silly reify   '/Volumes/งาน/ ปัณด้า/PhD/web app/node_modules/@rollup/rollup-win32-x64-msvc'
40 silly reify ]
41 verbose reify failed optional dependency /Volumes/งาน/ ปัณด้า/PhD/web app/node_modules/@rollup/rollup-win32-x64-gnu
42 silly reify mark deleted [
42 silly reify   '/Volumes/งาน/ ปัณด้า/PhD/web app/node_modules/@rollup/rollup-win32-x64-gnu'
42 silly reify ]
43 verbose reify failed optional dependency /Volumes/งาน/ ปัณด้า/PhD/web app/node_modules/@rollup/rollup-win32-ia32-msvc
44 silly reify mark deleted [
44 silly reify   '/Volumes/งาน/ ปัณด้า/PhD/web app/node_modules/@rollup/rollup-win32-ia32-msvc'
44 silly reify ]
45 verbose reify failed optional dependency /Volumes/งาน/ ปัณด้า/PhD/web app/node_modules/@rollup/rollup-win32-arm64-msvc
46 silly reify mark deleted [
46 silly reify   '/Volumes/งาน/ ปัณด้า/PhD/web app/node_modules/@rollup/rollup-win32-arm64-msvc'
46 silly reify ]
47 verbose reify failed optional dependency /Volumes/งาน/ ปัณด้า/PhD/web app/node_modules/@rollup/rollup-openharmony-arm64
48 silly reify mark deleted [
48 silly reify   '/Volumes/งาน/ ปัณด้า/PhD/web app/node_modules/@rollup/rollup-openharmony-arm64'
48 silly reify ]
49 verbose reify failed optional dependency /Volumes/งาน/ ปัณด้า/PhD/web app/node_modules/@rollup/rollup-openbsd-x64
50 silly reify mark deleted [
50 silly reify   '/Volumes/งาน/ ปัณด้า/PhD/web app/node_modules/@rollup/rollup-openbsd-x64'
50 silly reify ]
51 verbose reify failed optional dependency /Volumes/งาน/ ปัณด้า/PhD/web app/node_modules/@rollup/rollup-linux-x64-musl
52 silly reify mark deleted [
52 silly reify   '/Volumes/งาน/ ปัณด้า/PhD/web app/node_modules/@rollup/rollup-linux-x64-musl'
52 silly reify ]
53 verbose reify failed optional dependency /Volumes/งาน/ ปัณด้า/PhD/web app/node_modules/@rollup/rollup-linux-x64-gnu
54 silly reify mark deleted [
54 silly reify   '/Volumes/งาน/ ปัณด้า/PhD/web app/node_modules/@rollup/rollup-linux-x64-gnu'
54 silly reify ]
55 verbose reify failed optional dependency /Volumes/งาน/ ปัณด้า/PhD/web app/node_modules/@rollup/rollup-linux-s390x-gnu
56 silly reify mark deleted [
56 silly reify   '/Volumes/งาน/ ปัณด้า/PhD/web app/node_modules/@rollup/rollup-linux-s390x-gnu'
56 silly reify ]
57 verbose reify failed optional dependency /Volumes/งาน/ ปัณด้า/PhD/web app/node_modules/@rollup/rollup-linux-riscv64-musl
58 silly reify mark deleted [
58 silly reify   '/Volumes/งาน/ ปัณด้า/PhD/web app/node_modules/@rollup/rollup-linux-riscv64-musl'
58 silly reify ]
59 verbose reify failed optional dependency /Volumes/งาน/ ปัณด้า/PhD/web app/node_modules/@rollup/rollup-linux-riscv64-gnu
60 silly reify mark deleted [
60 silly reify   '/Volumes/งาน/ ปัณด้า/PhD/web app/node_modules/@rollup/rollup-linux-riscv64-gnu'
60 silly reify ]
61 verbose reify failed optional dependency /Volumes/งาน/ ปัณด้า/PhD/web app/node_modules/@rollup/rollup-linux-ppc64-musl
62 silly reify mark deleted [
62 silly reify   '/Volumes/งาน/ ปัณด้า/PhD/web app/node_modules/@rollup/rollup-linux-ppc64-musl'
62 silly reify ]
63 verbose reify failed optional dependency /Volumes/งาน/ ปัณด้า/PhD/web app/node_modules/@rollup/rollup-linux-ppc64-gnu
64 silly reify mark deleted [
64 silly reify   '/Volumes/งาน/ ปัณด้า/PhD/web app/node_modules/@rollup/rollup-linux-ppc64-gnu'
64 silly reify ]
65 verbose reify failed optional dependency /Volumes/งาน/ ปัณด้า/PhD/web app/node_modules/@rollup/rollup-linux-loong64-musl
66 silly reify mark deleted [
66 silly reify   '/Volumes/งาน/ ปัณด้า/PhD/web app/node_modules/@rollup/rollup-linux-loong64-musl'
66 silly reify ]
67 verbose reify failed optional dependency /Volumes/งาน/ ปัณด้า/PhD/web app/node_modules/@rollup/rollup-linux-loong64-gnu
68 silly reify mark deleted [
68 silly reify   '/Volumes/งาน/ ปัณด้า/PhD/web app/node_modules/@rollup/rollup-linux-loong64-gnu'
68 silly reify ]
69 verbose reify failed optional dependency /Volumes/งาน/ ปัณด้า/PhD/web app/node_modules/@rollup/rollup-linux-arm64-musl
70 silly reify mark deleted [
70 silly reify   '/Volumes/งาน/ ปัณด้า/PhD/web app/node_modules/@rollup/rollup-linux-arm64-musl'
70 silly reify ]
71 verbose reify failed optional dependency /Volumes/งาน/ ปัณด้า/PhD/web app/node_modules/@rollup/rollup-linux-arm64-gnu
72 silly reify mark deleted [
72 silly reify   '/Volumes/งาน/ ปัณด้า/PhD/web app/node_modules/@rollup/rollup-linux-arm64-gnu'
72 silly reify ]
73 verbose reify failed optional dependency /Volumes/งาน/ ปัณด้า/PhD/web app/node_modules/@rollup/rollup-linux-arm-musleabihf
74 silly reify mark deleted [
74 silly reify   '/Volumes/งาน/ ปัณด้า/PhD/web app/node_modules/@rollup/rollup-linux-arm-musleabihf'
74 silly reify ]
75 verbose reify failed optional dependency /Volumes/งาน/ ปัณด้า/PhD/web app/node_modules/@rollup/rollup-linux-arm-gnueabihf
76 silly reify mark deleted [
76 silly reify   '/Volumes/งาน/ ปัณด้า/PhD/web app/node_modules/@rollup/rollup-linux-arm-gnueabihf'
76 silly reify ]
77 verbose reify failed optional dependency /Volumes/งาน/ ปัณด้า/PhD/web app/node_modules/@rollup/rollup-freebsd-x64
78 silly reify mark deleted [
78 silly reify   '/Volumes/งาน/ ปัณด้า/PhD/web app/node_modules/@rollup/rollup-freebsd-x64'
78 silly reify ]
79 verbose reify failed optional dependency /Volumes/งาน/ ปัณด้า/PhD/web app/node_modules/@rollup/rollup-freebsd-arm64
80 silly reify mark deleted [
80 silly reify   '/Volumes/งาน/ ปัณด้า/PhD/web app/node_modules/@rollup/rollup-freebsd-arm64'
80 silly reify ]
81 verbose reify failed optional dependency /Volumes/งาน/ ปัณด้า/PhD/web app/node_modules/@rollup/rollup-darwin-arm64
82 silly reify mark deleted [
82 silly reify   '/Volumes/งาน/ ปัณด้า/PhD/web app/node_modules/@rollup/rollup-darwin-arm64'
82 silly reify ]
83 verbose reify failed optional dependency /Volumes/งาน/ ปัณด้า/PhD/web app/node_modules/@rollup/rollup-android-arm64
84 silly reify mark deleted [
84 silly reify   '/Volumes/งาน/ ปัณด้า/PhD/web app/node_modules/@rollup/rollup-android-arm64'
84 silly reify ]
85 verbose reify failed optional dependency /Volumes/งาน/ ปัณด้า/PhD/web app/node_modules/@rollup/rollup-android-arm-eabi
86 silly reify mark deleted [
86 silly reify   '/Volumes/งาน/ ปัณด้า/PhD/web app/node_modules/@rollup/rollup-android-arm-eabi'
86 silly reify ]
87 verbose reify failed optional dependency /Volumes/งาน/ ปัณด้า/PhD/web app/node_modules/@esbuild/win32-x64
88 silly reify mark deleted [ '/Volumes/งาน/ ปัณด้า/PhD/web app/node_modules/@esbuild/win32-x64' ]
89 verbose reify failed optional dependency /Volumes/งาน/ ปัณด้า/PhD/web app/node_modules/@esbuild/win32-ia32
90 silly reify mark deleted [ '/Volumes/งาน/ ปัณด้า/PhD/web app/node_modules/@esbuild/win32-ia32' ]
91 verbose reify failed optional dependency /Volumes/งาน/ ปัณด้า/PhD/web app/node_modules/@esbuild/win32-arm64
92 silly reify mark deleted [
92 silly reify   '/Volumes/งาน/ ปัณด้า/PhD/web app/node_modules/@esbuild/win32-arm64'
92 silly reify ]
93 verbose reify failed optional dependency /Volumes/งาน/ ปัณด้า/PhD/web app/node_modules/@esbuild/sunos-x64
94 silly reify mark deleted [ '/Volumes/งาน/ ปัณด้า/PhD/web app/node_modules/@esbuild/sunos-x64' ]
95 verbose reify failed optional dependency /Volumes/งาน/ ปัณด้า/PhD/web app/node_modules/@esbuild/openbsd-x64
96 silly reify mark deleted [
96 silly reify   '/Volumes/งาน/ ปัณด้า/PhD/web app/node_modules/@esbuild/openbsd-x64'
96 silly reify ]
97 verbose reify failed optional dependency /Volumes/งาน/ ปัณด้า/PhD/web app/node_modules/@esbuild/netbsd-x64
98 silly reify mark deleted [ '/Volumes/งาน/ ปัณด้า/PhD/web app/node_modules/@esbuild/netbsd-x64' ]
99 verbose reify failed optional dependency /Volumes/งาน/ ปัณด้า/PhD/web app/node_modules/@esbuild/linux-x64
100 silly reify mark deleted [ '/Volumes/งาน/ ปัณด้า/PhD/web app/node_modules/@esbuild/linux-x64' ]
101 verbose reify failed optional dependency /Volumes/งาน/ ปัณด้า/PhD/web app/node_modules/@esbuild/linux-s390x
102 silly reify mark deleted [
102 silly reify   '/Volumes/งาน/ ปัณด้า/PhD/web app/node_modules/@esbuild/linux-s390x'
102 silly reify ]
103 verbose reify failed optional dependency /Volumes/งาน/ ปัณด้า/PhD/web app/node_modules/@esbuild/linux-riscv64
104 silly reify mark deleted [
104 silly reify   '/Volumes/งาน/ ปัณด้า/PhD/web app/node_modules/@esbuild/linux-riscv64'
104 silly reify ]
105 verbose reify failed optional dependency /Volumes/งาน/ ปัณด้า/PhD/web app/node_modules/@esbuild/linux-ppc64
106 silly reify mark deleted [
106 silly reify   '/Volumes/งาน/ ปัณด้า/PhD/web app/node_modules/@esbuild/linux-ppc64'
106 silly reify ]
107 verbose reify failed optional dependency /Volumes/งาน/ ปัณด้า/PhD/web app/node_modules/@esbuild/linux-mips64el
108 silly reify mark deleted [
108 silly reify   '/Volumes/งาน/ ปัณด้า/PhD/web app/node_modules/@esbuild/linux-mips64el'
108 silly reify ]
109 verbose reify failed optional dependency /Volumes/งาน/ ปัณด้า/PhD/web app/node_modules/@esbuild/linux-loong64
110 silly reify mark deleted [
110 silly reify   '/Volumes/งาน/ ปัณด้า/PhD/web app/node_modules/@esbuild/linux-loong64'
110 silly reify ]
111 verbose reify failed optional dependency /Volumes/งาน/ ปัณด้า/PhD/web app/node_modules/@esbuild/linux-ia32
112 silly reify mark deleted [ '/Volumes/งาน/ ปัณด้า/PhD/web app/node_modules/@esbuild/linux-ia32' ]
113 verbose reify failed optional dependency /Volumes/งาน/ ปัณด้า/PhD/web app/node_modules/@esbuild/linux-arm64
114 silly reify mark deleted [
114 silly reify   '/Volumes/งาน/ ปัณด้า/PhD/web app/node_modules/@esbuild/linux-arm64'
114 silly reify ]
115 verbose reify failed optional dependency /Volumes/งาน/ ปัณด้า/PhD/web app/node_modules/@esbuild/linux-arm
116 silly reify mark deleted [ '/Volumes/งาน/ ปัณด้า/PhD/web app/node_modules/@esbuild/linux-arm' ]
117 verbose reify failed optional dependency /Volumes/งาน/ ปัณด้า/PhD/web app/node_modules/@esbuild/freebsd-x64
118 silly reify mark deleted [
118 silly reify   '/Volumes/งาน/ ปัณด้า/PhD/web app/node_modules/@esbuild/freebsd-x64'
118 silly reify ]
119 verbose reify failed optional dependency /Volumes/งาน/ ปัณด้า/PhD/web app/node_modules/@esbuild/freebsd-arm64
120 silly reify mark deleted [
120 silly reify   '/Volumes/งาน/ ปัณด้า/PhD/web app/node_modules/@esbuild/freebsd-arm64'
120 silly reify ]
121 verbose reify failed optional dependency /Volumes/งาน/ ปัณด้า/PhD/web app/node_modules/@esbuild/darwin-arm64
122 silly reify mark deleted [
122 silly reify   '/Volumes/งาน/ ปัณด้า/PhD/web app/node_modules/@esbuild/darwin-arm64'
122 silly reify ]
123 verbose reify failed optional dependency /Volumes/งาน/ ปัณด้า/PhD/web app/node_modules/@esbuild/android-x64
124 silly reify mark deleted [
124 silly reify   '/Volumes/งาน/ ปัณด้า/PhD/web app/node_modules/@esbuild/android-x64'
124 silly reify ]
125 verbose reify failed optional dependency /Volumes/งาน/ ปัณด้า/PhD/web app/node_modules/@esbuild/android-arm64
126 silly reify mark deleted [
126 silly reify   '/Volumes/งาน/ ปัณด้า/PhD/web app/node_modules/@esbuild/android-arm64'
126 silly reify ]
127 verbose reify failed optional dependency /Volumes/งาน/ ปัณด้า/PhD/web app/node_modules/@esbuild/android-arm
128 silly reify mark deleted [
128 silly reify   '/Volumes/งาน/ ปัณด้า/PhD/web app/node_modules/@esbuild/android-arm'
128 silly reify ]
129 verbose reify failed optional dependency /Volumes/งาน/ ปัณด้า/PhD/web app/node_modules/@esbuild/aix-ppc64
130 silly reify mark deleted [ '/Volumes/งาน/ ปัณด้า/PhD/web app/node_modules/@esbuild/aix-ppc64' ]
131 silly tarball no local data for @vitejs/plugin-basic-ssl@https://registry.npmjs.org/@vitejs/plugin-basic-ssl/-/plugin-basic-ssl-1.2.0.tgz. Extracting by manifest.
132 http fetch POST 200 https://registry.npmjs.org/-/npm/v1/security/advisories/bulk 380ms
133 silly audit report {
133 silly audit report   ajv: [
133 silly audit report     {
133 silly audit report       id: 1113214,
133 silly audit report       url: 'https://github.com/advisories/GHSA-2g4f-4pwh-qvx6',
133 silly audit report       title: 'ajv has ReDoS when using `$data` option',
133 silly audit report       severity: 'moderate',
133 silly audit report       vulnerable_versions: '<8.18.0',
133 silly audit report       cwe: [Array],
133 silly audit report       cvss: [Object]
133 silly audit report     }
133 silly audit report   ],
133 silly audit report   esbuild: [
133 silly audit report     {
133 silly audit report       id: 1102341,
133 silly audit report       url: 'https://github.com/advisories/GHSA-67mh-4wv8-2f99',
133 silly audit report       title: 'esbuild enables any website to send any requests to the development server and read the response',
133 silly audit report       severity: 'moderate',
133 silly audit report       vulnerable_versions: '<=0.24.2',
133 silly audit report       cwe: [Array],
133 silly audit report       cvss: [Object]
133 silly audit report     }
133 silly audit report   ],
133 silly audit report   minimatch: [
133 silly audit report     {
133 silly audit report       id: 1113371,
133 silly audit report       url: 'https://github.com/advisories/GHSA-3ppc-4f35-3m26',
133 silly audit report       title: 'minimatch has a ReDoS via repeated wildcards with non-matching literal in pattern',
133 silly audit report       severity: 'high',
133 silly audit report       vulnerable_versions: '<10.2.1',
133 silly audit report       cwe: [Array],
133 silly audit report       cvss: [Object]
133 silly audit report     }
133 silly audit report   ]
133 silly audit report }
134 http fetch GET 200 https://registry.npmjs.org/minimatch 378ms (cache revalidated)
135 http fetch GET 200 https://registry.npmjs.org/ajv 400ms (cache updated)
136 http fetch GET 200 https://registry.npmjs.org/@vitejs/plugin-basic-ssl/-/plugin-basic-ssl-1.2.0.tgz 882ms (cache miss)
137 http fetch GET 200 https://registry.npmjs.org/esbuild 1262ms (cache revalidated)
138 http fetch GET 200 https://registry.npmjs.org/eslint 299ms (cache revalidated)
139 http fetch GET 200 https://registry.npmjs.org/@eslint%2feslintrc 1071ms (cache revalidated)
140 http fetch GET 200 https://registry.npmjs.org/glob 419ms (cache revalidated)
141 http fetch GET 200 https://registry.npmjs.org/filelist 638ms (cache miss)
142 http fetch GET 200 https://registry.npmjs.org/@humanwhocodes%2fconfig-array 1049ms (cache revalidated)
143 http fetch GET 200 https://registry.npmjs.org/eslint-plugin-react 1196ms (cache revalidated)
144 http fetch GET 200 https://registry.npmjs.org/eslint-plugin-react-hooks 382ms (cache revalidated)
145 http fetch GET 200 https://registry.npmjs.org/eslint-plugin-react-refresh 600ms (cache revalidated)
146 http fetch GET 200 https://registry.npmjs.org/@eslint-community%2feslint-utils 693ms (cache revalidated)
147 http fetch GET 200 https://registry.npmjs.org/vite-plugin-pwa 656ms (cache miss)
148 http fetch GET 200 https://registry.npmjs.org/@vitejs%2fplugin-react 1068ms (cache revalidated)
149 http fetch GET 200 https://registry.npmjs.org/rimraf 325ms (cache revalidated)
150 http fetch GET 200 https://registry.npmjs.org/jake 1714ms (cache miss)
151 http fetch GET 200 https://registry.npmjs.org/flat-cache 1440ms (cache revalidated)
152 http fetch GET 200 https://registry.npmjs.org/ejs 513ms (cache miss)
153 http fetch GET 200 https://registry.npmjs.org/file-entry-cache 504ms (cache revalidated)
154 http fetch GET 200 https://registry.npmjs.org/@surma%2frollup-plugin-off-main-thread 2140ms (cache miss)
155 http fetch GET 200 https://registry.npmjs.org/workbox-build 1316ms (cache miss)
156 silly ADD node_modules/@vitejs/plugin-basic-ssl
157 silly ADD
158 silly ADD
159 silly ADD
160 silly ADD
161 silly ADD
162 silly ADD
163 silly ADD
164 silly ADD
165 silly ADD
166 silly ADD
167 silly ADD
168 silly ADD
169 silly ADD
170 silly ADD
171 silly ADD
172 silly ADD
173 silly ADD
174 silly ADD
175 silly ADD
176 silly ADD
177 silly ADD
178 silly ADD
179 silly ADD
180 silly ADD
181 silly ADD
182 silly ADD
183 silly ADD
184 silly ADD
185 silly ADD
186 silly ADD
187 silly ADD
188 silly ADD
189 silly ADD
190 silly ADD
191 silly ADD
192 silly ADD
193 silly ADD
194 silly ADD
195 silly ADD
196 silly ADD
197 silly ADD
198 silly ADD
199 silly ADD
200 silly ADD
201 silly ADD
202 silly ADD
203 verbose exit 0
204 info ok
